[debug] [2025-02-06T18:33:02.052Z] ----------------------------------------------------------------------
[debug] [2025-02-06T18:33:02.073Z] Command:       C:\Program Files\nodejs\node.exe C:\Users\JESUS\AppData\Roaming\npm\node_modules\firebase-tools\lib\bin\firebase.js deploy
[debug] [2025-02-06T18:33:02.074Z] CLI Version:   13.11.2
[debug] [2025-02-06T18:33:02.074Z] Platform:      win32
[debug] [2025-02-06T18:33:02.075Z] Node Version:  v21.6.1
[debug] [2025-02-06T18:33:02.076Z] Time:          Thu Feb 06 2025 13:33:02 GMT-0500 (Eastern Standard Time)
[debug] [2025-02-06T18:33:02.077Z] ----------------------------------------------------------------------
[debug] 
[debug] [2025-02-06T18:33:02.083Z] >>> [apiv2][query] GET https://firebase-public.firebaseio.com/cli.json [none]
[debug] [2025-02-06T18:33:02.446Z] Object "" in "firebase.json" has unknown property: {"additionalProperty":"headers"}
[debug] [2025-02-06T18:33:02.461Z] > command requires scopes: ["email","openid","https://www.googleapis.com/auth/cloudplatformprojects.readonly","https://www.googleapis.com/auth/firebase","https://www.googleapis.com/auth/cloud-platform"]
[debug] [2025-02-06T18:33:02.462Z] > authorizing via signed-in user (christrosetolife@gmail.com)
[debug] [2025-02-06T18:33:02.462Z] [iam] checking project letjesusbeexalted for permissions ["firebase.projects.get","firebasehosting.sites.update"]
[debug] [2025-02-06T18:33:02.464Z] > refreshing access token with scopes: []
[debug] [2025-02-06T18:33:02.466Z] >>> [apiv2][query] POST https://www.googleapis.com/oauth2/v3/token [none]
[debug] [2025-02-06T18:33:02.466Z] >>> [apiv2][body] POST https://www.googleapis.com/oauth2/v3/token [omitted]
[debug] [2025-02-06T18:33:02.709Z] <<< [apiv2][status] GET https://firebase-public.firebaseio.com/cli.json 200
[debug] [2025-02-06T18:33:02.710Z] <<< [apiv2][body] GET https://firebase-public.firebaseio.com/cli.json {"cloudBuildErrorAfter":1594252800000,"cloudBuildWarnAfter":1590019200000,"defaultNode10After":1594252800000,"minVersion":"3.0.5","node8DeploysDisabledAfter":1613390400000,"node8RuntimeDisabledAfter":1615809600000,"node8WarnAfter":1600128000000}
[debug] [2025-02-06T18:33:02.747Z] <<< [apiv2][status] POST https://www.googleapis.com/oauth2/v3/token 200
[debug] [2025-02-06T18:33:02.747Z] <<< [apiv2][body] POST https://www.googleapis.com/oauth2/v3/token [omitted]
[debug] [2025-02-06T18:33:02.769Z] >>> [apiv2][query] POST https://cloudresourcemanager.googleapis.com/v1/projects/letjesusbeexalted:testIamPermissions [none]
[debug] [2025-02-06T18:33:02.770Z] >>> [apiv2][(partial)header] POST https://cloudresourcemanager.googleapis.com/v1/projects/letjesusbeexalted:testIamPermissions x-goog-quota-user=projects/letjesusbeexalted
[debug] [2025-02-06T18:33:02.771Z] >>> [apiv2][body] POST https://cloudresourcemanager.googleapis.com/v1/projects/letjesusbeexalted:testIamPermissions {"permissions":["firebase.projects.get","firebasehosting.sites.update"]}
[debug] [2025-02-06T18:33:02.994Z] <<< [apiv2][status] POST https://cloudresourcemanager.googleapis.com/v1/projects/letjesusbeexalted:testIamPermissions 200
[debug] [2025-02-06T18:33:02.994Z] <<< [apiv2][body] POST https://cloudresourcemanager.googleapis.com/v1/projects/letjesusbeexalted:testIamPermissions {"permissions":["firebase.projects.get","firebasehosting.sites.update"]}
[debug] [2025-02-06T18:33:02.997Z] >>> [apiv2][query] GET https://firebase.googleapis.com/v1beta1/projects/letjesusbeexalted [none]
[debug] [2025-02-06T18:33:03.324Z] <<< [apiv2][status] GET https://firebase.googleapis.com/v1beta1/projects/letjesusbeexalted 200
[debug] [2025-02-06T18:33:03.324Z] <<< [apiv2][body] GET https://firebase.googleapis.com/v1beta1/projects/letjesusbeexalted {"projectId":"letjesusbeexalted","projectNumber":"1088010912651","displayName":"letJESUSbeexalted","name":"projects/letjesusbeexalted","resources":{"hostingSite":"letjesusbeexalted","locationId":"us-central"},"state":"ACTIVE","etag":"1_10d36b99-420d-4fbf-a69b-23d8e9e8f9c1"}
[info] 
[info] === Deploying to 'letjesusbeexalted'...
[info] 
[info] i  deploying hosting 
[debug] [2025-02-06T18:33:03.336Z] >>> [apiv2][query] POST https://firebasehosting.googleapis.com/v1beta1/projects/-/sites/letjesusbeexalted/versions [none]
[debug] [2025-02-06T18:33:03.336Z] >>> [apiv2][body] POST https://firebasehosting.googleapis.com/v1beta1/projects/-/sites/letjesusbeexalted/versions {"status":"CREATED","labels":{"deployment-tool":"cli-firebase"}}
[debug] [2025-02-06T18:33:03.949Z] <<< [apiv2][status] POST https://firebasehosting.googleapis.com/v1beta1/projects/-/sites/letjesusbeexalted/versions 200
